No modules loaded
job is starting on gpua045.delta.internal.ncsa.edu

================
== TensorFlow ==
================

NVIDIA Release 22.02-tf2 (build 32333867)
TensorFlow Version 2.7.0

Container image Copyright (c) 2022, NVIDIA CORPORATION & AFFILIATES. All rights reserved.
Copyright 2017-2022 The TensorFlow Authors.  All rights reserved.

Various files include modifications (c) NVIDIA CORPORATION & AFFILIATES.  All rights reserved.

This container image and its contents are governed by the NVIDIA Deep Learning Container License.
By pulling and using the container, you accept the terms and conditions of this license:
https://developer.nvidia.com/ngc/nvidia-deep-learning-container-license

NOTE: MOFED driver was detected, but nv_peer_mem driver was not detected.
      Multi-node communication performance may be reduced.

2022-06-09 23:49:09.760726: I tensorflow/core/common_runtime/gpu/gpu_device.cc:1525] Created device /job:localhost/replica:0/task:0/device:GPU:0 with 37998 MB memory:  -> device: 0, name: NVIDIA A100-SXM4-40GB, pci bus id: 0000:07:00.0, compute capability: 8.0
/u/skhan/stem-learning/data/Gr/Gr_2/exp_1K/
/u/skhan/stem-learning/data/Gr/Gr_2/sim_1K/
Traceback (most recent call last):
  File "stogr_cycleGAN_for_STEM.py", line 297, in <module>
    total_epochs = 5e5//(batch_idxs*batch_size)
ZeroDivisionError: float divmod()
