No modules loaded
job is starting on gpua083.delta.internal.ncsa.edu

================
== TensorFlow ==
================

NVIDIA Release 22.02-tf2 (build 32333867)
TensorFlow Version 2.7.0

Container image Copyright (c) 2022, NVIDIA CORPORATION & AFFILIATES. All rights reserved.
Copyright 2017-2022 The TensorFlow Authors.  All rights reserved.

Various files include modifications (c) NVIDIA CORPORATION & AFFILIATES.  All rights reserved.

This container image and its contents are governed by the NVIDIA Deep Learning Container License.
By pulling and using the container, you accept the terms and conditions of this license:
https://developer.nvidia.com/ngc/nvidia-deep-learning-container-license

NOTE: MOFED driver was detected, but nv_peer_mem driver was not detected.
      Multi-node communication performance may be reduced.

2022-06-08 13:56:35.136121: I tensorflow/core/common_runtime/gpu/gpu_device.cc:1525] Created device /job:localhost/replica:0/task:0/device:GPU:0 with 37998 MB memory:  -> device: 0, name: NVIDIA A100-SXM4-40GB, pci bus id: 0000:c7:00.0, compute capability: 8.0
2022-06-08 13:56:43.006047: I tensorflow/stream_executor/cuda/cuda_dnn.cc:377] Loaded cuDNN version 8302
processing data
loading model
stride: 256
predicting data
stitching data
saving data
processing data
loading model
stride: 256
predicting data
stitching data
saving data
processing data
loading model
stride: 256
predicting data
stitching data
saving data
processing data
loading model
stride: 256
predicting data
stitching data
saving data
processing data
loading model
stride: 256
predicting data
stitching data
saving data
processing data
loading model
stride: 256
predicting data
stitching data
saving data
processing data
loading model
stride: 256
predicting data
stitching data
saving data
processing data
loading model
stride: 256
predicting data
stitching data
saving data
processing data
loading model
stride: 256
predicting data
stitching data
saving data
processing data
loading model
stride: 256
predicting data
stitching data
saving data
processing data
loading model
stride: 256
predicting data
stitching data
saving data
processing data
loading model
stride: 256
predicting data
stitching data
saving data
processing data
loading model
stride: 256
predicting data
stitching data
saving data
processing data
loading model
stride: 256
predicting data
stitching data
saving data
processing data
loading model
stride: 256
predicting data
stitching data
saving data
processing data
loading model
stride: 256
predicting data
stitching data
saving data
processing data
loading model
stride: 256
predicting data
stitching data
saving data
processing data
loading model
stride: 256
predicting data
stitching data
saving data
processing data
loading model
stride: 256
predicting data
stitching data
saving data
processing data
loading model
stride: 256
predicting data
stitching data
saving data
processing data
loading model
stride: 256
predicting data
stitching data
saving data
processing data
loading model
stride: 256
predicting data
stitching data
saving data
processing data
loading model
stride: 256
predicting data
stitching data
saving data
processing data
loading model
stride: 256
predicting data
stitching data
saving data
processing data
loading model
stride: 256
predicting data
stitching data
saving data
processing data
loading model
stride: 256
predicting data
stitching data
saving data
processing data
loading model
stride: 256
predicting data
stitching data
saving data
processing data
loading model
stride: 256
predicting data
stitching data
saving data
processing data
loading model
stride: 256
predicting data
stitching data
saving data
processing data
loading model
stride: 256
predicting data
stitching data
saving data
processing data
loading model
stride: 256
predicting data
stitching data
saving data
processing data
loading model
stride: 256
predicting data
stitching data
saving data
processing data
loading model
stride: 256
predicting data
stitching data
saving data
processing data
loading model
stride: 256
predicting data
stitching data
saving data
processing data
loading model
stride: 256
predicting data
stitching data
saving data
processing data
loading model
stride: 256
predicting data
stitching data
saving data
processing data
loading model
stride: 256
predicting data
stitching data
saving data
processing data
loading model
stride: 256
predicting data
stitching data
saving data
processing data
loading model
stride: 256
predicting data
stitching data
saving data
processing data
loading model
stride: 256
predicting data
stitching data
saving data
processing data
loading model
stride: 256
predicting data
stitching data
saving data
processing data
loading model
stride: 256
predicting data
stitching data
saving data
processing data
loading model
stride: 256
predicting data
stitching data
saving data
processing data
loading model
stride: 256
predicting data
stitching data
saving data
processing data
loading model
stride: 256
predicting data
stitching data
saving data
processing data
loading model
stride: 256
predicting data
stitching data
saving data
processing data
loading model
stride: 256
predicting data
stitching data
saving data
processing data
loading model
stride: 256
predicting data
stitching data
saving data
processing data
loading model
stride: 256
predicting data
stitching data
saving data
processing data
loading model
stride: 256
predicting data
stitching data
saving data
processing data
loading model
stride: 256
predicting data
stitching data
saving data
processing data
loading model
stride: 256
predicting data
stitching data
saving data
processing data
loading model
stride: 256
predicting data
stitching data
saving data
processing data
loading model
stride: 256
predicting data
stitching data
saving data
processing data
loading model
stride: 256
predicting data
stitching data
saving data
processing data
loading model
stride: 256
predicting data
stitching data
saving data
processing data
loading model
stride: 256
predicting data
stitching data
saving data
processing data
loading model
stride: 256
predicting data
stitching data
saving data
processing data
loading model
stride: 256
predicting data
stitching data
saving data
processing data
loading model
stride: 256
predicting data
stitching data
saving data
processing data
loading model
stride: 256
predicting data
stitching data
saving data
processing data
loading model
stride: 256
predicting data
stitching data
saving data
processing data
loading model
stride: 256
predicting data
stitching data
saving data
processing data
loading model
stride: 256
predicting data
stitching data
saving data
processing data
loading model
stride: 256
predicting data
stitching data
saving data
processing data
loading model
stride: 256
predicting data
stitching data
saving data
processing data
loading model
stride: 256
predicting data
stitching data
saving data
processing data
loading model
stride: 256
predicting data
stitching data
saving data
processing data
loading model
stride: 256
predicting data
stitching data
saving data
processing data
loading model
stride: 256
predicting data
stitching data
saving data
processing data
loading model
stride: 256
predicting data
stitching data
saving data
processing data
loading model
stride: 256
predicting data
stitching data
saving data
processing data
loading model
stride: 256
predicting data
stitching data
saving data
processing data
loading model
stride: 256
predicting data
stitching data
saving data
processing data
loading model
stride: 256
predicting data
stitching data
saving data
processing data
loading model
stride: 256
predicting data
stitching data
saving data
processing data
loading model
stride: 256
predicting data
stitching data
saving data
processing data
loading model
stride: 256
predicting data
stitching data
saving data
processing data
loading model
stride: 256
predicting data
stitching data
saving data
processing data
loading model
stride: 256
predicting data
stitching data
saving data
processing data
loading model
stride: 256
predicting data
stitching data
saving data
processing data
loading model
stride: 256
predicting data
stitching data
saving data
processing data
loading model
stride: 256
predicting data
stitching data
saving data
processing data
loading model
stride: 256
predicting data
stitching data
saving data
processing data
loading model
stride: 256
predicting data
stitching data
saving data
processing data
loading model
stride: 256
predicting data
stitching data
saving data
processing data
loading model
stride: 256
predicting data
stitching data
saving data
processing data
loading model
stride: 256
predicting data
stitching data
saving data
processing data
loading model
stride: 256
predicting data
stitching data
saving data
processing data
loading model
stride: 256
predicting data
stitching data
saving data
processing data
loading model
stride: 256
predicting data
stitching data
saving data
processing data
loading model
stride: 256
predicting data
stitching data
saving data
processing data
loading model
stride: 256
predicting data
stitching data
saving data
processing data
loading model
stride: 256
predicting data
stitching data
saving data
processing data
loading model
stride: 256
predicting data
stitching data
saving data
processing data
loading model
stride: 256
predicting data
stitching data
saving data
processing data
loading model
stride: 256
predicting data
stitching data
saving data
processing data
loading model
stride: 256
predicting data
stitching data
saving data
processing data
loading model
stride: 256
predicting data
stitching data
saving data
processing data
loading model
stride: 256
predicting data
stitching data
saving data
processing data
loading model
stride: 256
predicting data
stitching data
saving data
processing data
loading model
stride: 256
predicting data
stitching data
saving data
processing data
loading model
stride: 256
predicting data
stitching data
saving data
processing data
loading model
stride: 256
predicting data
stitching data
saving data
processing data
loading model
stride: 256
predicting data
stitching data
saving data
processing data
loading model
stride: 256
predicting data
stitching data
saving data
processing data
loading model
stride: 256
predicting data
stitching data
saving data
